<?xml version="1.0" encoding="UTF-8"?>
<testsuites name="TS01 - Login" time="34" tests="1" failures="0" errors="0">
   <testsuite name="TS01 - Login" tests="1" failures="0" errors="0" time="34" timestamp="2018-10-25 11:25:30" hostname="Guest Admin - 172.16.1.100" id="Test Suites/TS01 - Login">
      <properties>
         <property name="deviceName" value=""/>
         <property name="devicePlatform" value=""/>
         <property name="logFolder" value="C:\\Users\\Guest Admin\\Desktop\\New folder\\Web Automation\\Reports\\TS01 - Login\\20181025_112525"/>
         <property name="logFiles" value="C:\\Users\\Guest Admin\\Desktop\\New folder\\Web Automation\\Reports\\TS01 - Login\\20181025_112525\\execution0.log"/>
         <property name="attachments" value=""/>
         <property name="hostName" value="Guest Admin - 172.16.1.100"/>
         <property name="os" value="Windows 10 64bit"/>
         <property name="katalonVersion" value="5.8.2.1"/>
         <property name="browser" value="Chrome 69.0.3497.100"/>
         <property name="hostAddress" value="172.16.1.100"/>
         <property name="sessionId" value="1b37f55e7bf70c1d0156e74bf766cd55"/>
         <property name="seleniumVersion" value="3.7.1"/>
         <property name="proxyInformation" value="ProxyInformation{proxyOption=NO_PROXY, proxyServerType=HTTP, password=, proxyServerAddress=, proxyServerPort=0}"/>
         <property name="platform" value="Windows 10"/>
      </properties>
      <testcase name="Test Cases/Login via username/TC01 - Enter uname and pword" classname="Test Cases/Login via username/TC01 - Enter uname and pword" status="PASSED">
         <system-out><![CDATA[2018-10-25 11:25:31 - [TEST_CASE][PASSED] - Test Cases/Login via username/TC01 - Enter uname and pword: Test Cases/Login via username/TC01 - Enter uname and pword

2018-10-25 11:25:32 - [TEST_STEP][PASSED] - openBrowser: Browser is opened with url: ''

2018-10-25 11:25:39 - [MESSAGE][PASSED] - Browser is opened with url: ''

2018-10-25 11:25:39 - [TEST_STEP][PASSED] - navigateToUrl: Navigate to 'https://www.canva.com/' successfully

2018-10-25 11:25:50 - [MESSAGE][PASSED] - Navigate to 'https://www.canva.com/' successfully

2018-10-25 11:25:50 - [TEST_STEP][PASSED] - setText: Text 'agarcia@stratpoint.com' is set on object 'Object Repository/Page_Collaborate  Create Amazing Gr/input_For Work_email'

2018-10-25 11:25:53 - [MESSAGE][PASSED] - Text 'agarcia@stratpoint.com' is set on object 'Object Repository/Page_Collaborate  Create Amazing Gr/input_For Work_email'

2018-10-25 11:25:53 - [TEST_STEP][PASSED] - setEncryptedText: Text ****** has been set on object 'Object Repository/Page_Collaborate  Create Amazing Gr/input_For Work_password'

2018-10-25 11:25:53 - [MESSAGE][PASSED] - Text ****** has been set on object 'Object Repository/Page_Collaborate  Create Amazing Gr/input_For Work_password'

2018-10-25 11:25:53 - [TEST_STEP][PASSED] - click: Object: 'Object Repository/Page_Collaborate  Create Amazing Gr/button_Log in' is clicked on

2018-10-25 11:26:04 - [MESSAGE][PASSED] - Object: 'Object Repository/Page_Collaborate  Create Amazing Gr/button_Log in' is clicked on

2018-10-25 11:26:04 - [TEST_STEP][NOT_RUN] - closeBrowser: NOT_RUN: closeBrowser

2018-10-25 11:26:04 - [MESSAGE][NOT_RUN] - NOT_RUN: closeBrowser]]></system-out>
         <system-err><![CDATA[]]></system-err>
      </testcase>
      <system-out><![CDATA[2018-10-25 11:25:30 - [TEST_SUITE][PASSED] - TS01 - Login: Test Cases/Login via username/TC01 - Enter uname and pword]]></system-out>
      <system-err><![CDATA[]]></system-err>
   </testsuite>
</testsuites>
